[{"line":1,"elements":[{"start_timestamp":"2023-02-03T01:47:32.779Z","before":[{"result":{"duration":2199107000,"status":"passed"},"match":{"location":"stepDefinition.LoginStepDefinition.openBrowser()"}}],"line":3,"name":"Login Success","description":"","id":"login-feature;login-success","after":[{"result":{"duration":124705000,"status":"passed"},"match":{"location":"stepDefinition.LoginStepDefinition.iCloseBrowser()"}}],"type":"scenario","keyword":"Scenario","steps":[{"result":{"duration":1031169600,"status":"passed"},"line":4,"name":"I open Login Page","match":{"location":"stepDefinition.LoginStepDefinition.iOpenLoginPage()"},"keyword":"Given "},{"result":{"duration":83644700,"status":"passed"},"line":5,"name":"I enter email \"shalinibaronia@gmail.com\"","match":{"arguments":[{"val":"\"shalinibaronia@gmail.com\"","offset":14}],"location":"stepDefinition.LoginStepDefinition.iEnterEmail(java.lang.String)"},"keyword":"When "},{"result":{"duration":67528800,"status":"passed"},"line":6,"name":"I enter password \"te$t$tudent\"","match":{"arguments":[{"val":"\"te$t$tudent\"","offset":17}],"location":"stepDefinition.LoginStepDefinition.iEnterPassword(java.lang.String)"},"keyword":"And "},{"result":{"duration":48994400,"status":"passed"},"line":7,"name":"I submit","match":{"location":"stepDefinition.LoginStepDefinition.iSubmit()"},"keyword":"And "},{"result":{"duration":589282900,"status":"passed"},"line":8,"name":"I am logged in","match":{"location":"stepDefinition.LoginStepDefinition.iAmLoggedIn()"},"keyword":"Then "}]},{"start_timestamp":"2023-02-03T01:47:36.945Z","before":[{"result":{"duration":564152000,"status":"passed"},"match":{"location":"stepDefinition.LoginStepDefinition.openBrowser()"}}],"line":10,"name":"Login with incorrect password","description":"","id":"login-feature;login-with-incorrect-password","after":[{"result":{"duration":66976900,"status":"passed"},"match":{"location":"stepDefinition.LoginStepDefinition.iCloseBrowser()"}}],"type":"scenario","keyword":"Scenario","steps":[{"result":{"duration":992989300,"status":"passed"},"line":11,"name":"I open Login Page","match":{"location":"stepDefinition.LoginStepDefinition.iOpenLoginPage()"},"keyword":"Given "},{"result":{"error_message":"org.openqa.selenium.TimeoutException: Expected condition failed: waiting for element to be clickable: By.cssSelector: [type='email'] (tried for 10 second(s) with 500 milliseconds interval)\r\n\tat org.openqa.selenium.support.ui.WebDriverWait.timeoutException(WebDriverWait.java:87)\r\n\tat org.openqa.selenium.support.ui.FluentWait.until(FluentWait.java:231)\r\n\tat stepDefinition.LoginStepDefinition.iEnterEmail(LoginStepDefinition.java:48)\r\n\tat stepDefinition.LoginStepDefinition.iEnterMyEmail(LoginStepDefinition.java:76)\r\n\tat âœ½.I enter my email \"shalinibaronia@gmail.com\"(file:///C:/Users/shali/OneDrive/Documents/GitHub/A31-QA-Automation-Framework/src/test/resources/features/Login.feature:12)\r\nCaused by: org.openqa.selenium.NoSuchWindowException: no such window: target window already closed\nfrom unknown error: web view not found\n  (Session info: chrome=109.0.5414.120)\nBuild info: version: '4.5.0', revision: 'fe167b119a'\nSystem info: os.name: 'Windows 11', os.arch: 'amd64', os.version: '10.0', java.version: '17.0.6'\nDriver info: org.openqa.selenium.chrome.ChromeDriver\nCommand: [4f4931f6816ffea5041bd4939772a42a, findElement {using=css selector, value=[type='email']}]\nCapabilities {acceptInsecureCerts: false, browserName: chrome, browserVersion: 109.0.5414.120, chrome: {chromedriverVersion: 109.0.5414.74 (e7c5703604da..., userDataDir: C:\\Users\\shali\\AppData\\Loca...}, goog:chromeOptions: {debuggerAddress: localhost:52906}, networkConnectionEnabled: false, pageLoadStrategy: normal, platformName: WINDOWS, proxy: Proxy(), se:cdp: ws://localhost:52906/devtoo..., se:cdpVersion: 109.0.5414.120, setWindowRect: true, strictFileInteractability: false, timeouts: {implicit: 0, pageLoad: 300000, script: 30000}, unhandledPromptBehavior: dismiss and notify, webauthn:extension:credBlob: true, webauthn:extension:largeBlob: true, webauthn:virtualAuthenticators: true}\nSession ID: 4f4931f6816ffea5041bd4939772a42a\r\n\tat jdk.internal.reflect.GeneratedConstructorAccessor11.newInstance(Unknown Source)\r\n\tat java.base/jdk.internal.reflect.DelegatingConstructorAccessorImpl.newInstance(DelegatingConstructorAccessorImpl.java:45)\r\n\tat java.base/java.lang.reflect.Constructor.newInstanceWithCaller(Constructor.java:499)\r\n\tat java.base/java.lang.reflect.Constructor.newInstance(Constructor.java:480)\r\n\tat org.openqa.selenium.remote.codec.w3c.W3CHttpResponseCodec.createException(W3CHttpResponseCodec.java:200)\r\n\tat org.openqa.selenium.remote.codec.w3c.W3CHttpResponseCodec.decode(W3CHttpResponseCodec.java:133)\r\n\tat org.openqa.selenium.remote.codec.w3c.W3CHttpResponseCodec.decode(W3CHttpResponseCodec.java:53)\r\n\tat org.openqa.selenium.remote.HttpCommandExecutor.execute(HttpCommandExecutor.java:184)\r\n\tat org.openqa.selenium.remote.service.DriverCommandExecutor.invokeExecute(DriverCommandExecutor.java:167)\r\n\tat org.openqa.selenium.remote.service.DriverCommandExecutor.execute(DriverCommandExecutor.java:142)\r\n\tat org.openqa.selenium.remote.RemoteWebDriver.execute(RemoteWebDriver.java:547)\r\n\tat org.openqa.selenium.remote.ElementLocation$ElementFinder$2.findElement(ElementLocation.java:162)\r\n\tat org.openqa.selenium.remote.ElementLocation.findElement(ElementLocation.java:60)\r\n\tat org.openqa.selenium.remote.RemoteWebDriver.findElement(RemoteWebDriver.java:365)\r\n\tat org.openqa.selenium.remote.RemoteWebDriver.findElement(RemoteWebDriver.java:357)\r\n\tat org.openqa.selenium.support.ui.ExpectedConditions$7.apply(ExpectedConditions.java:197)\r\n\tat org.openqa.selenium.support.ui.ExpectedConditions$7.apply(ExpectedConditions.java:193)\r\n\tat org.openqa.selenium.support.ui.ExpectedConditions$22.apply(ExpectedConditions.java:631)\r\n\tat org.openqa.selenium.support.ui.ExpectedConditions$22.apply(ExpectedConditions.java:628)\r\n\tat org.openqa.selenium.support.ui.FluentWait.until(FluentWait.java:208)\r\n\tat stepDefinition.LoginStepDefinition.iEnterEmail(LoginStepDefinition.java:48)\r\n\tat stepDefinition.LoginStepDefinition.iEnterMyEmail(LoginStepDefinition.java:76)\r\n\tat java.base/jdk.internal.reflect.NativeMethodAccessorImpl.invoke0(Native Method)\r\n\tat java.base/jdk.internal.reflect.NativeMethodAccessorImpl.invoke(NativeMethodAccessorImpl.java:77)\r\n\tat java.base/jdk.internal.reflect.DelegatingMethodAccessorImpl.invoke(DelegatingMethodAccessorImpl.java:43)\r\n\tat java.base/java.lang.reflect.Method.invoke(Method.java:568)\r\n\tat io.cucumber.java.Invoker.doInvoke(Invoker.java:66)\r\n\tat io.cucumber.java.Invoker.invoke(Invoker.java:24)\r\n\tat io.cucumber.java.AbstractGlueDefinition.invokeMethod(AbstractGlueDefinition.java:47)\r\n\tat io.cucumber.java.JavaStepDefinition.execute(JavaStepDefinition.java:29)\r\n\tat io.cucumber.core.runner.CoreStepDefinition.execute(CoreStepDefinition.java:66)\r\n\tat io.cucumber.core.runner.PickleStepDefinitionMatch.runStep(PickleStepDefinitionMatch.java:63)\r\n\tat io.cucumber.core.runner.ExecutionMode$1.execute(ExecutionMode.java:10)\r\n\tat io.cucumber.core.runner.TestStep.executeStep(TestStep.java:85)\r\n\tat io.cucumber.core.runner.TestStep.run(TestStep.java:57)\r\n\tat io.cucumber.core.runner.PickleStepTestStep.run(PickleStepTestStep.java:51)\r\n\tat io.cucumber.core.runner.TestCase.run(TestCase.java:84)\r\n\tat io.cucumber.core.runner.Runner.runPickle(Runner.java:75)\r\n\tat io.cucumber.testng.TestNGCucumberRunner.lambda$runScenario$1(TestNGCucumberRunner.java:132)\r\n\tat io.cucumber.core.runtime.CucumberExecutionContext.lambda$runTestCase$5(CucumberExecutionContext.java:129)\r\n\tat io.cucumber.core.runtime.RethrowingThrowableCollector.executeAndThrow(RethrowingThrowableCollector.java:23)\r\n\tat io.cucumber.core.runtime.CucumberExecutionContext.runTestCase(CucumberExecutionContext.java:129)\r\n\tat io.cucumber.testng.TestNGCucumberRunner.runScenario(TestNGCucumberRunner.java:129)\r\n\tat io.cucumber.testng.AbstractTestNGCucumberTests.runScenario(AbstractTestNGCucumberTests.java:35)\r\n\tat java.base/jdk.internal.reflect.NativeMethodAccessorImpl.invoke0(Native Method)\r\n\tat java.base/jdk.internal.reflect.NativeMethodAccessorImpl.invoke(NativeMethodAccessorImpl.java:77)\r\n\tat java.base/jdk.internal.reflect.DelegatingMethodAccessorImpl.invoke(DelegatingMethodAccessorImpl.java:43)\r\n\tat java.base/java.lang.reflect.Method.invoke(Method.java:568)\r\n\tat org.testng.internal.invokers.MethodInvocationHelper.invokeMethod(MethodInvocationHelper.java:139)\r\n\tat org.testng.internal.invokers.TestInvoker.invokeMethod(TestInvoker.java:677)\r\n\tat org.testng.internal.invokers.TestInvoker.invokeTestMethod(TestInvoker.java:221)\r\n\tat org.testng.internal.invokers.MethodRunner.runInSequence(MethodRunner.java:50)\r\n\tat org.testng.internal.invokers.TestInvoker$MethodInvocationAgent.invoke(TestInvoker.java:962)\r\n\tat org.testng.internal.invokers.TestInvoker.invokeTestMethods(TestInvoker.java:194)\r\n\tat org.testng.internal.invokers.TestMethodWorker.invokeTestMethods(TestMethodWorker.java:148)\r\n\tat org.testng.internal.invokers.TestMethodWorker.run(TestMethodWorker.java:128)\r\n\tat java.base/java.util.concurrent.ThreadPoolExecutor.runWorker(ThreadPoolExecutor.java:1136)\r\n\tat java.base/java.util.concurrent.ThreadPoolExecutor$Worker.run(ThreadPoolExecutor.java:635)\r\n\tat java.base/java.lang.Thread.run(Thread.java:833)\r\n","duration":10270331900,"status":"failed"},"line":12,"name":"I enter my email \"shalinibaronia@gmail.com\"","match":{"arguments":[{"val":"\"shalinibaronia@gmail.com\"","offset":17}],"location":"stepDefinition.LoginStepDefinition.iEnterMyEmail(java.lang.String)"},"keyword":"When "},{"result":{"status":"skipped"},"line":13,"name":"I enter incorrect password \"te$tstudent\"","match":{"arguments":[{"val":"\"te$tstudent\"","offset":27}],"location":"stepDefinition.LoginStepDefinition.iEnterIncorrectPassword(java.lang.String)"},"keyword":"And "},{"result":{"status":"skipped"},"line":14,"name":"I click submit","match":{"location":"stepDefinition.LoginStepDefinition.iClickSubmit()"},"keyword":"And "},{"result":{"status":"skipped"},"line":15,"name":"I am not logged in","match":{"location":"stepDefinition.LoginStepDefinition.iAmNotLoggedIn()"},"keyword":"Then "}]},{"start_timestamp":"2023-02-03T01:47:48.858Z","before":[{"result":{"duration":590188700,"status":"passed"},"match":{"location":"stepDefinition.LoginStepDefinition.openBrowser()"}}],"line":17,"name":"Play a song","description":"","id":"login-feature;play-a-song","after":[{"result":{"duration":115404400,"status":"passed"},"match":{"location":"stepDefinition.LoginStepDefinition.iCloseBrowser()"}}],"type":"scenario","keyword":"Scenario","steps":[{"result":{"duration":1222649400,"status":"passed"},"line":18,"name":"I open Homepage","match":{"location":"stepDefinition.LoginStepDefinition.iOpenHomepage()"},"keyword":"Given "},{"result":{"duration":1232198200,"status":"passed"},"line":19,"name":"I context click on song","match":{"location":"stepDefinition.LoginStepDefinition.iContextClickOnSong()"},"keyword":"When "},{"result":{"duration":79100900,"status":"passed"},"line":20,"name":"I click play button","match":{"location":"stepDefinition.LoginStepDefinition.iClickPlayButton()"},"keyword":"And "},{"result":{"duration":17001200,"status":"passed"},"line":21,"name":"Song is playing","match":{"location":"stepDefinition.LoginStepDefinition.songIsPlaying()"},"keyword":"And "}]}],"name":"Login feature","description":"","id":"login-feature","keyword":"Feature","uri":"file:src/test/resources/features/Login.feature","tags":[]}]